

Started GET "/" for 127.0.0.1 at Fri Oct 08 12:32:51 +0900 2010

AbstractController::ActionNotFound (The action 'index' could not be found for TopController):
  

Rendered /home/zizo/.rvm/gems/ruby-1.8.7-p302/gems/actionpack-3.0.0/lib/action_dispatch/middleware/templates/rescues/unknown_action.erb within rescues/layout (0.9ms)


Started GET "/" for 127.0.0.1 at Fri Oct 08 12:33:30 +0900 2010
  Processing by TopController#index as HTML
Completed   in 0ms

RuntimeError (hoge):
  app/controllers/top_controller.rb:4:in `index'

Rendered /home/zizo/.rvm/gems/ruby-1.8.7-p302/gems/actionpack-3.0.0/lib/action_dispatch/middleware/templates/rescues/_trace.erb (1.1ms)
Rendered /home/zizo/.rvm/gems/ruby-1.8.7-p302/gems/actionpack-3.0.0/lib/action_dispatch/middleware/templates/rescues/_request_and_response.erb (4.0ms)
Rendered /home/zizo/.rvm/gems/ruby-1.8.7-p302/gems/actionpack-3.0.0/lib/action_dispatch/middleware/templates/rescues/diagnostics.erb within rescues/layout (15.7ms)


Started GET "/" for 127.0.0.1 at Fri Oct 08 12:34:26 +0900 2010
  Processing by TopController#index as HTML
Rendered top/index.html.erb within layouts/application (1.8ms)
Completed 200 OK in 7ms (Views: 7.1ms | ActiveRecord: 0.0ms)


Started GET "/" for 127.0.0.1 at Fri Oct 08 12:35:23 +0900 2010
  Processing by TopController#index as HTML
Rendered top/index.html.erb within layouts/application (3.1ms)
Completed 200 OK in 8ms (Views: 7.1ms | ActiveRecord: 0.0ms)


Started GET "/" for 127.0.0.1 at Fri Oct 08 12:36:01 +0900 2010
  Processing by TopController#index as HTML
Rendered top/index.html.erb within layouts/application (99.5ms)
Completed   in 105ms

ActionView::Template::Error (undefined method `linkt_to' for #<#<Class:0xb6ea48d4>:0xb6ea3ad8>):
    1: 
    2: <%= linkt_to "しりとり", :controller => :shiritori %>
  app/views/top/index.html.erb:2:in `_app_views_top_index_html_erb___368780494__613083318_0'

Rendered /home/zizo/.rvm/gems/ruby-1.8.7-p302/gems/actionpack-3.0.0/lib/action_dispatch/middleware/templates/rescues/_trace.erb (3.6ms)
Rendered /home/zizo/.rvm/gems/ruby-1.8.7-p302/gems/actionpack-3.0.0/lib/action_dispatch/middleware/templates/rescues/_request_and_response.erb (13.9ms)
Rendered /home/zizo/.rvm/gems/ruby-1.8.7-p302/gems/actionpack-3.0.0/lib/action_dispatch/middleware/templates/rescues/template_error.erb within rescues/layout (76.1ms)


Started GET "/" for 127.0.0.1 at Fri Oct 08 12:36:08 +0900 2010
  Processing by TopController#index as HTML
Rendered top/index.html.erb within layouts/application (1.4ms)
Completed   in 8ms

ActionView::Template::Error (No route matches {:controller=>"shiritori"}):
    1: 
    2: <%= link_to "しりとり", :controller => :shiritori %>
  app/views/top/index.html.erb:2:in `_app_views_top_index_html_erb___368780494__613516878_0'

Rendered /home/zizo/.rvm/gems/ruby-1.8.7-p302/gems/actionpack-3.0.0/lib/action_dispatch/middleware/templates/rescues/_trace.erb (1.7ms)
Rendered /home/zizo/.rvm/gems/ruby-1.8.7-p302/gems/actionpack-3.0.0/lib/action_dispatch/middleware/templates/rescues/_request_and_response.erb (7.3ms)
Rendered /home/zizo/.rvm/gems/ruby-1.8.7-p302/gems/actionpack-3.0.0/lib/action_dispatch/middleware/templates/rescues/template_error.erb within rescues/layout (15.3ms)


Started GET "/" for 127.0.0.1 at Fri Oct 08 12:36:31 +0900 2010
  Processing by TopController#index as HTML
Rendered top/index.html.erb within layouts/application (0.9ms)
Completed   in 5ms

ActionView::Template::Error (No route matches {:controller=>"shiritori"}):
    1: 
    2: <%= link_to "しりとり", :controller => :shiritori %>
  app/views/top/index.html.erb:2:in `_app_views_top_index_html_erb___368780494__612777928_0'

Rendered /home/zizo/.rvm/gems/ruby-1.8.7-p302/gems/actionpack-3.0.0/lib/action_dispatch/middleware/templates/rescues/_trace.erb (1.2ms)
Rendered /home/zizo/.rvm/gems/ruby-1.8.7-p302/gems/actionpack-3.0.0/lib/action_dispatch/middleware/templates/rescues/_request_and_response.erb (4.9ms)
Rendered /home/zizo/.rvm/gems/ruby-1.8.7-p302/gems/actionpack-3.0.0/lib/action_dispatch/middleware/templates/rescues/template_error.erb within rescues/layout (14.6ms)


Started GET "/" for 127.0.0.1 at Fri Oct 08 12:36:32 +0900 2010
  Processing by TopController#index as HTML
Rendered top/index.html.erb within layouts/application (2.4ms)
Completed   in 17ms

ActionView::Template::Error (No route matches {:controller=>"shiritori"}):
    1: 
    2: <%= link_to "しりとり", :controller => :shiritori %>
  app/views/top/index.html.erb:2:in `_app_views_top_index_html_erb___368780494__613227298_0'

Rendered /home/zizo/.rvm/gems/ruby-1.8.7-p302/gems/actionpack-3.0.0/lib/action_dispatch/middleware/templates/rescues/_trace.erb (1.2ms)
Rendered /home/zizo/.rvm/gems/ruby-1.8.7-p302/gems/actionpack-3.0.0/lib/action_dispatch/middleware/templates/rescues/_request_and_response.erb (8.5ms)
Rendered /home/zizo/.rvm/gems/ruby-1.8.7-p302/gems/actionpack-3.0.0/lib/action_dispatch/middleware/templates/rescues/template_error.erb within rescues/layout (16.7ms)


Started GET "/" for 127.0.0.1 at Fri Oct 08 12:36:33 +0900 2010
  Processing by TopController#index as HTML
Rendered top/index.html.erb within layouts/application (2.3ms)
Completed   in 27ms

ActionView::Template::Error (No route matches {:controller=>"shiritori"}):
    1: 
    2: <%= link_to "しりとり", :controller => :shiritori %>
  app/views/top/index.html.erb:2:in `_app_views_top_index_html_erb___368780494__613622818_0'

Rendered /home/zizo/.rvm/gems/ruby-1.8.7-p302/gems/actionpack-3.0.0/lib/action_dispatch/middleware/templates/rescues/_trace.erb (1.2ms)
Rendered /home/zizo/.rvm/gems/ruby-1.8.7-p302/gems/actionpack-3.0.0/lib/action_dispatch/middleware/templates/rescues/_request_and_response.erb (4.6ms)
Rendered /home/zizo/.rvm/gems/ruby-1.8.7-p302/gems/actionpack-3.0.0/lib/action_dispatch/middleware/templates/rescues/template_error.erb within rescues/layout (10.1ms)


Started GET "/" for 127.0.0.1 at Fri Oct 08 12:37:55 +0900 2010
  Processing by TopController#index as HTML
Rendered top/index.html.erb within layouts/application (1.3ms)
Completed   in 7ms

ActionView::Template::Error (No route matches {:controller=>"shiritori"}):
    1: 
    2: <%= link_to "しりとり", {:controller => :shiritori} %>
  app/views/top/index.html.erb:2:in `_app_views_top_index_html_erb___368780494__613953248_0'

Rendered /home/zizo/.rvm/gems/ruby-1.8.7-p302/gems/actionpack-3.0.0/lib/action_dispatch/middleware/templates/rescues/_trace.erb (52.6ms)
Rendered /home/zizo/.rvm/gems/ruby-1.8.7-p302/gems/actionpack-3.0.0/lib/action_dispatch/middleware/templates/rescues/_request_and_response.erb (5.2ms)
Rendered /home/zizo/.rvm/gems/ruby-1.8.7-p302/gems/actionpack-3.0.0/lib/action_dispatch/middleware/templates/rescues/template_error.erb within rescues/layout (63.9ms)


Started GET "/" for 127.0.0.1 at Fri Oct 08 12:38:04 +0900 2010
  Processing by TopController#index as HTML
Rendered top/index.html.erb within layouts/application (2.3ms)
Completed   in 7ms

ActionView::Template::Error (No route matches {:controller=>"shiritori"}):
    1: 
    2: <%= link_to "test", :controller => :shiritori %>
  app/views/top/index.html.erb:2:in `_app_views_top_index_html_erb___368780494__612874738_0'

Rendered /home/zizo/.rvm/gems/ruby-1.8.7-p302/gems/actionpack-3.0.0/lib/action_dispatch/middleware/templates/rescues/_trace.erb (1.2ms)
Rendered /home/zizo/.rvm/gems/ruby-1.8.7-p302/gems/actionpack-3.0.0/lib/action_dispatch/middleware/templates/rescues/_request_and_response.erb (5.0ms)
Rendered /home/zizo/.rvm/gems/ruby-1.8.7-p302/gems/actionpack-3.0.0/lib/action_dispatch/middleware/templates/rescues/template_error.erb within rescues/layout (10.8ms)


Started GET "/" for 127.0.0.1 at Fri Oct 08 12:38:05 +0900 2010
  Processing by TopController#index as HTML
Rendered top/index.html.erb within layouts/application (2.6ms)
Completed   in 18ms

ActionView::Template::Error (No route matches {:controller=>"shiritori"}):
    1: 
    2: <%= link_to "test", :controller => :shiritori %>
  app/views/top/index.html.erb:2:in `_app_views_top_index_html_erb___368780494__613313138_0'

Rendered /home/zizo/.rvm/gems/ruby-1.8.7-p302/gems/actionpack-3.0.0/lib/action_dispatch/middleware/templates/rescues/_trace.erb (1.2ms)
Rendered /home/zizo/.rvm/gems/ruby-1.8.7-p302/gems/actionpack-3.0.0/lib/action_dispatch/middleware/templates/rescues/_request_and_response.erb (4.6ms)
Rendered /home/zizo/.rvm/gems/ruby-1.8.7-p302/gems/actionpack-3.0.0/lib/action_dispatch/middleware/templates/rescues/template_error.erb within rescues/layout (11.3ms)


Started GET "/" for 127.0.0.1 at Fri Oct 08 12:38:15 +0900 2010
  Processing by TopController#index as HTML
Rendered top/index.html.erb within layouts/application (1.9ms)
Completed 200 OK in 8ms (Views: 7.2ms | ActiveRecord: 0.0ms)


Started GET "/" for 127.0.0.1 at Fri Oct 08 12:38:27 +0900 2010
  Processing by TopController#index as HTML
Rendered top/index.html.erb within layouts/application (22.9ms)
Completed   in 40ms

ActionView::Template::Error (undefined method `shiritori_path' for #<#<Class:0xb6f3d534>:0xb6f3c544>):
    1: 
    2: <%= link_to "しりとり", :shiritori %>
  app/views/top/index.html.erb:2:in `_app_views_top_index_html_erb___368780494__612770748_0'

Rendered /home/zizo/.rvm/gems/ruby-1.8.7-p302/gems/actionpack-3.0.0/lib/action_dispatch/middleware/templates/rescues/_trace.erb (1.2ms)
Rendered /home/zizo/.rvm/gems/ruby-1.8.7-p302/gems/actionpack-3.0.0/lib/action_dispatch/middleware/templates/rescues/_request_and_response.erb (6.1ms)
Rendered /home/zizo/.rvm/gems/ruby-1.8.7-p302/gems/actionpack-3.0.0/lib/action_dispatch/middleware/templates/rescues/template_error.erb within rescues/layout (16.8ms)


Started GET "/" for 127.0.0.1 at Fri Oct 08 12:39:31 +0900 2010
  Processing by TopController#index as HTML
Rendered top/index.html.erb within layouts/application (1.1ms)
Completed   in 7ms

ActionView::Template::Error (No route matches {:controller=>"shiritori"}):
    1: 
    2: <%= link_to "しりとり", :controller => :shiritori %>
  app/views/top/index.html.erb:2:in `_app_views_top_index_html_erb___368780494__613246308_0'

Rendered /home/zizo/.rvm/gems/ruby-1.8.7-p302/gems/actionpack-3.0.0/lib/action_dispatch/middleware/templates/rescues/_trace.erb (1.3ms)
Rendered /home/zizo/.rvm/gems/ruby-1.8.7-p302/gems/actionpack-3.0.0/lib/action_dispatch/middleware/templates/rescues/_request_and_response.erb (6.5ms)
Rendered /home/zizo/.rvm/gems/ruby-1.8.7-p302/gems/actionpack-3.0.0/lib/action_dispatch/middleware/templates/rescues/template_error.erb within rescues/layout (13.3ms)


Started GET "/" for 127.0.0.1 at Fri Oct 08 12:40:17 +0900 2010
  Processing by TopController#index as HTML
Rendered top/index.html.erb within layouts/application (0.8ms)
Completed   in 6ms

ActionView::Template::Error (No route matches {:controller=>"top", :action=>"shiritori"}):
    1: 
    2: <%= link_to "しりとり", :action => :shiritori %>
  app/views/top/index.html.erb:2:in `_app_views_top_index_html_erb___368780494__613646268_0'

Rendered /home/zizo/.rvm/gems/ruby-1.8.7-p302/gems/actionpack-3.0.0/lib/action_dispatch/middleware/templates/rescues/_trace.erb (1.2ms)
Rendered /home/zizo/.rvm/gems/ruby-1.8.7-p302/gems/actionpack-3.0.0/lib/action_dispatch/middleware/templates/rescues/_request_and_response.erb (5.3ms)
Rendered /home/zizo/.rvm/gems/ruby-1.8.7-p302/gems/actionpack-3.0.0/lib/action_dispatch/middleware/templates/rescues/template_error.erb within rescues/layout (11.8ms)


Started GET "/" for 127.0.0.1 at Fri Oct 08 12:40:41 +0900 2010
  Processing by TopController#index as HTML
Rendered top/index.html.erb within layouts/application (1.9ms)
Completed 200 OK in 6ms (Views: 5.8ms | ActiveRecord: 0.0ms)


Started GET "/" for 127.0.0.1 at Fri Oct 08 12:40:58 +0900 2010
  Processing by TopController#index as HTML
Rendered top/index.html.erb within layouts/application (3.5ms)
Completed   in 11ms

ActionView::Template::Error (No route matches {:controller=>"shiritori"}):
    1: 
    2: <%= link_to "しりとり", :controller => :shiritori, :action => :index %>
  app/views/top/index.html.erb:2:in `_app_views_top_index_html_erb___368780494__613827318_0'

Rendered /home/zizo/.rvm/gems/ruby-1.8.7-p302/gems/actionpack-3.0.0/lib/action_dispatch/middleware/templates/rescues/_trace.erb (1.3ms)
Rendered /home/zizo/.rvm/gems/ruby-1.8.7-p302/gems/actionpack-3.0.0/lib/action_dispatch/middleware/templates/rescues/_request_and_response.erb (5.6ms)
Rendered /home/zizo/.rvm/gems/ruby-1.8.7-p302/gems/actionpack-3.0.0/lib/action_dispatch/middleware/templates/rescues/template_error.erb within rescues/layout (64.3ms)


Started GET "/" for 127.0.0.1 at Fri Oct 08 12:43:24 +0900 2010
  Processing by TopController#index as HTML
Rendered top/index.html.erb within layouts/application (4.4ms)
Completed 200 OK in 11ms (Views: 10.4ms | ActiveRecord: 0.0ms)


Started GET "/" for 127.0.0.1 at Fri Oct 08 12:44:27 +0900 2010
  Processing by TopController#index as HTML
Rendered top/index.html.erb within layouts/application (1.2ms)
Completed   in 7ms

ActionView::Template::Error (No route matches {:controller=>"shiritori"}):
    1: 
    2: <%= link_to "しりとり", :controller => :shiritori %>
  app/views/top/index.html.erb:2:in `_app_views_top_index_html_erb___368780494__613117088_0'

Rendered /home/zizo/.rvm/gems/ruby-1.8.7-p302/gems/actionpack-3.0.0/lib/action_dispatch/middleware/templates/rescues/_trace.erb (1.4ms)
Rendered /home/zizo/.rvm/gems/ruby-1.8.7-p302/gems/actionpack-3.0.0/lib/action_dispatch/middleware/templates/rescues/_request_and_response.erb (6.2ms)
Rendered /home/zizo/.rvm/gems/ruby-1.8.7-p302/gems/actionpack-3.0.0/lib/action_dispatch/middleware/templates/rescues/template_error.erb within rescues/layout (11.7ms)


Started GET "/" for 127.0.0.1 at Fri Oct 08 12:44:43 +0900 2010
  Processing by TopController#index as HTML
Rendered top/index.html.erb within layouts/application (0.9ms)
Completed   in 7ms

ActionView::Template::Error (No route matches {:controller=>"shiritori"}):
    1: 
    2: <%= link_to "しりとり", :controller => :shiritori %>
  app/views/top/index.html.erb:2:in `_app_views_top_index_html_erb___368780494__613535938_0'

Rendered /home/zizo/.rvm/gems/ruby-1.8.7-p302/gems/actionpack-3.0.0/lib/action_dispatch/middleware/templates/rescues/_trace.erb (1.6ms)
Rendered /home/zizo/.rvm/gems/ruby-1.8.7-p302/gems/actionpack-3.0.0/lib/action_dispatch/middleware/templates/rescues/_request_and_response.erb (5.2ms)
Rendered /home/zizo/.rvm/gems/ruby-1.8.7-p302/gems/actionpack-3.0.0/lib/action_dispatch/middleware/templates/rescues/template_error.erb within rescues/layout (12.6ms)


Started GET "/" for 127.0.0.1 at Fri Oct 08 12:44:44 +0900 2010
  Processing by TopController#index as HTML
Rendered top/index.html.erb within layouts/application (1.5ms)
Completed   in 82ms

ActionView::Template::Error (No route matches {:controller=>"shiritori"}):
    1: 
    2: <%= link_to "しりとり", :controller => :shiritori %>
  app/views/top/index.html.erb:2:in `_app_views_top_index_html_erb___368780494__613019498_0'

Rendered /home/zizo/.rvm/gems/ruby-1.8.7-p302/gems/actionpack-3.0.0/lib/action_dispatch/middleware/templates/rescues/_trace.erb (1.8ms)
Rendered /home/zizo/.rvm/gems/ruby-1.8.7-p302/gems/actionpack-3.0.0/lib/action_dispatch/middleware/templates/rescues/_request_and_response.erb (26.5ms)
Rendered /home/zizo/.rvm/gems/ruby-1.8.7-p302/gems/actionpack-3.0.0/lib/action_dispatch/middleware/templates/rescues/template_error.erb within rescues/layout (44.8ms)


Started GET "/" for 127.0.0.1 at Fri Oct 08 12:44:44 +0900 2010
  Processing by TopController#index as HTML
Rendered top/index.html.erb within layouts/application (0.9ms)
Completed   in 9ms

ActionView::Template::Error (No route matches {:controller=>"shiritori"}):
    1: 
    2: <%= link_to "しりとり", :controller => :shiritori %>
  app/views/top/index.html.erb:2:in `_app_views_top_index_html_erb___368780494__613110048_0'

Rendered /home/zizo/.rvm/gems/ruby-1.8.7-p302/gems/actionpack-3.0.0/lib/action_dispatch/middleware/templates/rescues/_trace.erb (1.2ms)
Rendered /home/zizo/.rvm/gems/ruby-1.8.7-p302/gems/actionpack-3.0.0/lib/action_dispatch/middleware/templates/rescues/_request_and_response.erb (5.2ms)
Rendered /home/zizo/.rvm/gems/ruby-1.8.7-p302/gems/actionpack-3.0.0/lib/action_dispatch/middleware/templates/rescues/template_error.erb within rescues/layout (10.6ms)


Started GET "/" for 127.0.0.1 at Fri Oct 08 12:44:44 +0900 2010
  Processing by TopController#index as HTML
Rendered top/index.html.erb within layouts/application (1.1ms)
Completed   in 8ms

ActionView::Template::Error (No route matches {:controller=>"shiritori"}):
    1: 
    2: <%= link_to "しりとり", :controller => :shiritori %>
  app/views/top/index.html.erb:2:in `_app_views_top_index_html_erb___368780494__613546708_0'

Rendered /home/zizo/.rvm/gems/ruby-1.8.7-p302/gems/actionpack-3.0.0/lib/action_dispatch/middleware/templates/rescues/_trace.erb (1.3ms)
Rendered /home/zizo/.rvm/gems/ruby-1.8.7-p302/gems/actionpack-3.0.0/lib/action_dispatch/middleware/templates/rescues/_request_and_response.erb (6.0ms)
Rendered /home/zizo/.rvm/gems/ruby-1.8.7-p302/gems/actionpack-3.0.0/lib/action_dispatch/middleware/templates/rescues/template_error.erb within rescues/layout (15.4ms)


Started GET "/" for 127.0.0.1 at Fri Oct 08 12:44:44 +0900 2010
  Processing by TopController#index as HTML
Rendered top/index.html.erb within layouts/application (0.9ms)
Completed   in 13ms

ActionView::Template::Error (No route matches {:controller=>"shiritori"}):
    1: 
    2: <%= link_to "しりとり", :controller => :shiritori %>
  app/views/top/index.html.erb:2:in `_app_views_top_index_html_erb___368780494__613903458_0'

Rendered /home/zizo/.rvm/gems/ruby-1.8.7-p302/gems/actionpack-3.0.0/lib/action_dispatch/middleware/templates/rescues/_trace.erb (1.3ms)
Rendered /home/zizo/.rvm/gems/ruby-1.8.7-p302/gems/actionpack-3.0.0/lib/action_dispatch/middleware/templates/rescues/_request_and_response.erb (6.2ms)
Rendered /home/zizo/.rvm/gems/ruby-1.8.7-p302/gems/actionpack-3.0.0/lib/action_dispatch/middleware/templates/rescues/template_error.erb within rescues/layout (13.5ms)


Started GET "/" for 127.0.0.1 at Fri Oct 08 12:44:45 +0900 2010
  Processing by TopController#index as HTML
Rendered top/index.html.erb within layouts/application (1.0ms)
Completed   in 7ms

ActionView::Template::Error (No route matches {:controller=>"shiritori"}):
    1: 
    2: <%= link_to "しりとり", :controller => :shiritori %>
  app/views/top/index.html.erb:2:in `_app_views_top_index_html_erb___368780494__612825658_0'

Rendered /home/zizo/.rvm/gems/ruby-1.8.7-p302/gems/actionpack-3.0.0/lib/action_dispatch/middleware/templates/rescues/_trace.erb (1.2ms)
Rendered /home/zizo/.rvm/gems/ruby-1.8.7-p302/gems/actionpack-3.0.0/lib/action_dispatch/middleware/templates/rescues/_request_and_response.erb (6.9ms)
Rendered /home/zizo/.rvm/gems/ruby-1.8.7-p302/gems/actionpack-3.0.0/lib/action_dispatch/middleware/templates/rescues/template_error.erb within rescues/layout (12.6ms)


Started GET "/" for 127.0.0.1 at Fri Oct 08 12:44:45 +0900 2010
  Processing by TopController#index as HTML
Rendered top/index.html.erb within layouts/application (0.9ms)
Completed   in 8ms

ActionView::Template::Error (No route matches {:controller=>"shiritori"}):
    1: 
    2: <%= link_to "しりとり", :controller => :shiritori %>
  app/views/top/index.html.erb:2:in `_app_views_top_index_html_erb___368780494__613271678_0'

Rendered /home/zizo/.rvm/gems/ruby-1.8.7-p302/gems/actionpack-3.0.0/lib/action_dispatch/middleware/templates/rescues/_trace.erb (1.3ms)
Rendered /home/zizo/.rvm/gems/ruby-1.8.7-p302/gems/actionpack-3.0.0/lib/action_dispatch/middleware/templates/rescues/_request_and_response.erb (5.1ms)
Rendered /home/zizo/.rvm/gems/ruby-1.8.7-p302/gems/actionpack-3.0.0/lib/action_dispatch/middleware/templates/rescues/template_error.erb within rescues/layout (11.5ms)


Started GET "/shiritori/index" for 127.0.0.1 at Fri Oct 08 12:44:50 +0900 2010

ActionController::RoutingError (No route matches "/shiritori/index"):
  

Rendered /home/zizo/.rvm/gems/ruby-1.8.7-p302/gems/actionpack-3.0.0/lib/action_dispatch/middleware/templates/rescues/routing_error.erb within rescues/layout (1.0ms)


Started GET "/shiritori" for 127.0.0.1 at Fri Oct 08 12:45:02 +0900 2010

ActionController::RoutingError (No route matches "/shiritori"):
  

Rendered /home/zizo/.rvm/gems/ruby-1.8.7-p302/gems/actionpack-3.0.0/lib/action_dispatch/middleware/templates/rescues/routing_error.erb within rescues/layout (2.2ms)


Started GET "/shiritori" for 127.0.0.1 at Fri Oct 08 12:45:03 +0900 2010

ActionController::RoutingError (No route matches "/shiritori"):
  

Rendered /home/zizo/.rvm/gems/ruby-1.8.7-p302/gems/actionpack-3.0.0/lib/action_dispatch/middleware/templates/rescues/routing_error.erb within rescues/layout (2.2ms)


Started GET "/shiritori/" for 127.0.0.1 at Fri Oct 08 12:45:18 +0900 2010

ActionController::RoutingError (No route matches "/shiritori"):
  

Rendered /home/zizo/.rvm/gems/ruby-1.8.7-p302/gems/actionpack-3.0.0/lib/action_dispatch/middleware/templates/rescues/routing_error.erb within rescues/layout (0.8ms)


Started GET "/" for 127.0.0.1 at Fri Oct 08 12:46:34 +0900 2010
  Processing by TopController#index as HTML
Rendered top/index.html.erb within layouts/application (1.1ms)
Completed   in 13ms

ActionView::Template::Error (No route matches {:controller=>"top", :action=>"hoge"}):
    1: 
    2: <%#= link_to "しりとり", :controller => :shiritori %>
    3: <%= link_to "しりとり", :action => :hoge  %>
  app/views/top/index.html.erb:3:in `_app_views_top_index_html_erb___368780494__613977108_0'

Rendered /home/zizo/.rvm/gems/ruby-1.8.7-p302/gems/actionpack-3.0.0/lib/action_dispatch/middleware/templates/rescues/_trace.erb (1.2ms)
Rendered /home/zizo/.rvm/gems/ruby-1.8.7-p302/gems/actionpack-3.0.0/lib/action_dispatch/middleware/templates/rescues/_request_and_response.erb (5.3ms)
Rendered /home/zizo/.rvm/gems/ruby-1.8.7-p302/gems/actionpack-3.0.0/lib/action_dispatch/middleware/templates/rescues/template_error.erb within rescues/layout (12.7ms)


Started GET "/" for 127.0.0.1 at Fri Oct 08 12:46:35 +0900 2010
  Processing by TopController#index as HTML
Rendered top/index.html.erb within layouts/application (0.9ms)
Completed   in 6ms

ActionView::Template::Error (No route matches {:controller=>"top", :action=>"hoge"}):
    1: 
    2: <%#= link_to "しりとり", :controller => :shiritori %>
    3: <%= link_to "しりとり", :action => :hoge  %>
  app/views/top/index.html.erb:3:in `_app_views_top_index_html_erb___368780494__612793798_0'

Rendered /home/zizo/.rvm/gems/ruby-1.8.7-p302/gems/actionpack-3.0.0/lib/action_dispatch/middleware/templates/rescues/_trace.erb (1.5ms)
Rendered /home/zizo/.rvm/gems/ruby-1.8.7-p302/gems/actionpack-3.0.0/lib/action_dispatch/middleware/templates/rescues/_request_and_response.erb (12.6ms)
Rendered /home/zizo/.rvm/gems/ruby-1.8.7-p302/gems/actionpack-3.0.0/lib/action_dispatch/middleware/templates/rescues/template_error.erb within rescues/layout (21.9ms)


Started GET "/" for 127.0.0.1 at Fri Oct 08 12:46:35 +0900 2010
  Processing by TopController#index as HTML
Rendered top/index.html.erb within layouts/application (1.0ms)
Completed   in 7ms

ActionView::Template::Error (No route matches {:controller=>"top", :action=>"hoge"}):
    1: 
    2: <%#= link_to "しりとり", :controller => :shiritori %>
    3: <%= link_to "しりとり", :action => :hoge  %>
  app/views/top/index.html.erb:3:in `_app_views_top_index_html_erb___368780494__613218638_0'

Rendered /home/zizo/.rvm/gems/ruby-1.8.7-p302/gems/actionpack-3.0.0/lib/action_dispatch/middleware/templates/rescues/_trace.erb (1.3ms)
Rendered /home/zizo/.rvm/gems/ruby-1.8.7-p302/gems/actionpack-3.0.0/lib/action_dispatch/middleware/templates/rescues/_request_and_response.erb (7.2ms)
Rendered /home/zizo/.rvm/gems/ruby-1.8.7-p302/gems/actionpack-3.0.0/lib/action_dispatch/middleware/templates/rescues/template_error.erb within rescues/layout (12.8ms)


Started GET "/" for 127.0.0.1 at Fri Oct 08 12:46:56 +0900 2010
  Processing by TopController#index as HTML
Rendered top/index.html.erb within layouts/application (2.9ms)
Completed   in 7ms

ActionView::Template::Error (No route matches {:controller=>"top", :action=>"hoge"}):
    1: 
    2: <%#= link_to "しりとり", :controller => :shiritori %>
    3: <%= link_to "しりとり", :action => :hoge  %>
  app/views/top/index.html.erb:3:in `_app_views_top_index_html_erb___368780494__613279708_0'

Rendered /home/zizo/.rvm/gems/ruby-1.8.7-p302/gems/actionpack-3.0.0/lib/action_dispatch/middleware/templates/rescues/_trace.erb (1.3ms)
Rendered /home/zizo/.rvm/gems/ruby-1.8.7-p302/gems/actionpack-3.0.0/lib/action_dispatch/middleware/templates/rescues/_request_and_response.erb (4.6ms)
Rendered /home/zizo/.rvm/gems/ruby-1.8.7-p302/gems/actionpack-3.0.0/lib/action_dispatch/middleware/templates/rescues/template_error.erb within rescues/layout (10.9ms)


Started GET "/" for 127.0.0.1 at Fri Oct 08 12:47:04 +0900 2010
  Processing by TopController#index as HTML
Rendered top/index.html.erb within layouts/application (0.9ms)
Completed   in 6ms

ActionView::Template::Error (No route matches {:controller=>"top", :action=>"hoge"}):
    1: 
    2: <%#= link_to "しりとり", :controller => :shiritori %>
    3: <%= link_to "しりとり", :action => :hoge  %>
  app/views/top/index.html.erb:3:in `_app_views_top_index_html_erb___368780494__613620878_0'

Rendered /home/zizo/.rvm/gems/ruby-1.8.7-p302/gems/actionpack-3.0.0/lib/action_dispatch/middleware/templates/rescues/_trace.erb (1.4ms)
Rendered /home/zizo/.rvm/gems/ruby-1.8.7-p302/gems/actionpack-3.0.0/lib/action_dispatch/middleware/templates/rescues/_request_and_response.erb (6.4ms)
Rendered /home/zizo/.rvm/gems/ruby-1.8.7-p302/gems/actionpack-3.0.0/lib/action_dispatch/middleware/templates/rescues/template_error.erb within rescues/layout (12.3ms)


Started GET "/" for 127.0.0.1 at Fri Oct 08 12:47:12 +0900 2010
  Processing by TopController#index as HTML
Rendered top/index.html.erb within layouts/application (1.7ms)
Completed 200 OK in 6ms (Views: 5.7ms | ActiveRecord: 0.0ms)


Started GET "/" for 127.0.0.1 at Fri Oct 08 12:47:21 +0900 2010
  Processing by TopController#index as HTML
Rendered top/index.html.erb within layouts/application (3.5ms)
Completed 200 OK in 8ms (Views: 7.6ms | ActiveRecord: 0.0ms)


Started GET "/" for 127.0.0.1 at Fri Oct 08 12:47:39 +0900 2010
  Processing by TopController#index as HTML
Rendered top/index.html.erb within layouts/application (2.2ms)
Completed   in 7ms

ActionView::Template::Error (No route matches {:controller=>"top", :action=>"hoge"}):
    1: 
    2: <%#= link_to "しりとり", :controller => :shiritori %>
    3: <%= link_to "しりとり", :action => :hoge  %>
  app/views/top/index.html.erb:3:in `_app_views_top_index_html_erb___368780494__612954048_0'

Rendered /home/zizo/.rvm/gems/ruby-1.8.7-p302/gems/actionpack-3.0.0/lib/action_dispatch/middleware/templates/rescues/_trace.erb (1.2ms)
Rendered /home/zizo/.rvm/gems/ruby-1.8.7-p302/gems/actionpack-3.0.0/lib/action_dispatch/middleware/templates/rescues/_request_and_response.erb (5.0ms)
Rendered /home/zizo/.rvm/gems/ruby-1.8.7-p302/gems/actionpack-3.0.0/lib/action_dispatch/middleware/templates/rescues/template_error.erb within rescues/layout (10.9ms)


Started GET "/" for 127.0.0.1 at Fri Oct 08 12:47:50 +0900 2010
  Processing by TopController#index as HTML
Rendered top/index.html.erb within layouts/application (2.8ms)
Completed   in 57ms

ActionView::Template::Error (No route matches {:controller=>"top", :action=>"hoge"}):
    1: 
    2: <%#= link_to "しりとり", :controller => :shiritori %>
    3: <%= link_to "しりとり", :action => :hoge  %>
  app/views/top/index.html.erb:3:in `_app_views_top_index_html_erb___368780494__613332538_0'

Rendered /home/zizo/.rvm/gems/ruby-1.8.7-p302/gems/actionpack-3.0.0/lib/action_dispatch/middleware/templates/rescues/_trace.erb (1.3ms)
Rendered /home/zizo/.rvm/gems/ruby-1.8.7-p302/gems/actionpack-3.0.0/lib/action_dispatch/middleware/templates/rescues/_request_and_response.erb (6.0ms)
Rendered /home/zizo/.rvm/gems/ruby-1.8.7-p302/gems/actionpack-3.0.0/lib/action_dispatch/middleware/templates/rescues/template_error.erb within rescues/layout (12.0ms)


Started GET "/" for 127.0.0.1 at Fri Oct 08 12:47:51 +0900 2010
  Processing by TopController#index as HTML
Rendered top/index.html.erb within layouts/application (1.3ms)
Completed   in 8ms

ActionView::Template::Error (No route matches {:controller=>"top", :action=>"hoge"}):
    1: 
    2: <%#= link_to "しりとり", :controller => :shiritori %>
    3: <%= link_to "しりとり", :action => :hoge  %>
  app/views/top/index.html.erb:3:in `_app_views_top_index_html_erb___368780494__612751688_0'

Rendered /home/zizo/.rvm/gems/ruby-1.8.7-p302/gems/actionpack-3.0.0/lib/action_dispatch/middleware/templates/rescues/_trace.erb (5.7ms)
Rendered /home/zizo/.rvm/gems/ruby-1.8.7-p302/gems/actionpack-3.0.0/lib/action_dispatch/middleware/templates/rescues/_request_and_response.erb (9.6ms)
Rendered /home/zizo/.rvm/gems/ruby-1.8.7-p302/gems/actionpack-3.0.0/lib/action_dispatch/middleware/templates/rescues/template_error.erb within rescues/layout (27.7ms)


Started GET "/" for 127.0.0.1 at Fri Oct 08 12:47:51 +0900 2010
  Processing by TopController#index as HTML
Rendered top/index.html.erb within layouts/application (0.9ms)
Completed   in 7ms

ActionView::Template::Error (No route matches {:controller=>"top", :action=>"hoge"}):
    1: 
    2: <%#= link_to "しりとり", :controller => :shiritori %>
    3: <%= link_to "しりとり", :action => :hoge  %>
  app/views/top/index.html.erb:3:in `_app_views_top_index_html_erb___368780494__613189268_0'

Rendered /home/zizo/.rvm/gems/ruby-1.8.7-p302/gems/actionpack-3.0.0/lib/action_dispatch/middleware/templates/rescues/_trace.erb (1.4ms)
Rendered /home/zizo/.rvm/gems/ruby-1.8.7-p302/gems/actionpack-3.0.0/lib/action_dispatch/middleware/templates/rescues/_request_and_response.erb (4.9ms)
Rendered /home/zizo/.rvm/gems/ruby-1.8.7-p302/gems/actionpack-3.0.0/lib/action_dispatch/middleware/templates/rescues/template_error.erb within rescues/layout (10.5ms)


Started GET "/" for 127.0.0.1 at Fri Oct 08 12:47:51 +0900 2010
  Processing by TopController#index as HTML
Rendered top/index.html.erb within layouts/application (1.1ms)
Completed   in 9ms

ActionView::Template::Error (No route matches {:controller=>"top", :action=>"hoge"}):
    1: 
    2: <%#= link_to "しりとり", :controller => :shiritori %>
    3: <%= link_to "しりとり", :action => :hoge  %>
  app/views/top/index.html.erb:3:in `_app_views_top_index_html_erb___368780494__613536778_0'

Rendered /home/zizo/.rvm/gems/ruby-1.8.7-p302/gems/actionpack-3.0.0/lib/action_dispatch/middleware/templates/rescues/_trace.erb (1.7ms)
Rendered /home/zizo/.rvm/gems/ruby-1.8.7-p302/gems/actionpack-3.0.0/lib/action_dispatch/middleware/templates/rescues/_request_and_response.erb (6.5ms)
Rendered /home/zizo/.rvm/gems/ruby-1.8.7-p302/gems/actionpack-3.0.0/lib/action_dispatch/middleware/templates/rescues/template_error.erb within rescues/layout (12.8ms)


Started GET "/top/hoge" for 127.0.0.1 at Fri Oct 08 12:47:59 +0900 2010

ActionController::RoutingError (No route matches "/top/hoge"):
  

Rendered /home/zizo/.rvm/gems/ruby-1.8.7-p302/gems/actionpack-3.0.0/lib/action_dispatch/middleware/templates/rescues/routing_error.erb within rescues/layout (0.9ms)


Started GET "/top/hoge" for 127.0.0.1 at Fri Oct 08 12:48:15 +0900 2010

ActionController::RoutingError (No route matches "/top/hoge"):
  

Rendered /home/zizo/.rvm/gems/ruby-1.8.7-p302/gems/actionpack-3.0.0/lib/action_dispatch/middleware/templates/rescues/routing_error.erb within rescues/layout (0.8ms)


Started GET "/" for 127.0.0.1 at Fri Oct 08 12:54:06 +0900 2010
  Processing by TopController#index as HTML
Rendered top/index.html.erb within layouts/application (2.4ms)
Completed 200 OK in 9ms (Views: 9.0ms | ActiveRecord: 0.0ms)


Started GET "/top/hoge" for 127.0.0.1 at Fri Oct 08 12:54:10 +0900 2010
  Processing by TopController#hoge as HTML
Completed   in 1ms

RuntimeError (hoge):
  app/controllers/top_controller.rb:4:in `hoge'

Rendered /home/zizo/.rvm/gems/ruby-1.8.7-p302/gems/actionpack-3.0.0/lib/action_dispatch/middleware/templates/rescues/_trace.erb (1.4ms)
Rendered /home/zizo/.rvm/gems/ruby-1.8.7-p302/gems/actionpack-3.0.0/lib/action_dispatch/middleware/templates/rescues/_request_and_response.erb (13.2ms)
Rendered /home/zizo/.rvm/gems/ruby-1.8.7-p302/gems/actionpack-3.0.0/lib/action_dispatch/middleware/templates/rescues/diagnostics.erb within rescues/layout (31.3ms)


Started GET "/" for 127.0.0.1 at Fri Oct 08 13:03:54 +0900 2010
  Processing by TopController#index as HTML
Rendered top/index.html.erb within layouts/application (2.6ms)
Completed 200 OK in 9ms (Views: 7.6ms | ActiveRecord: 0.0ms)


Started GET "/top/hoge" for 127.0.0.1 at Fri Oct 08 13:03:55 +0900 2010
  Processing by TopController#hoge as HTML
Completed   in 1ms

RuntimeError (hoge):
  app/controllers/top_controller.rb:4:in `hoge'

Rendered /home/zizo/.rvm/gems/ruby-1.8.7-p302/gems/actionpack-3.0.0/lib/action_dispatch/middleware/templates/rescues/_trace.erb (5.5ms)
Rendered /home/zizo/.rvm/gems/ruby-1.8.7-p302/gems/actionpack-3.0.0/lib/action_dispatch/middleware/templates/rescues/_request_and_response.erb (5.5ms)
Rendered /home/zizo/.rvm/gems/ruby-1.8.7-p302/gems/actionpack-3.0.0/lib/action_dispatch/middleware/templates/rescues/diagnostics.erb within rescues/layout (25.7ms)
